<?xml version="1.0" encoding="UTF-8"?>
<robot generator="Robot 6.0.2 (Python 3.11.2 on win32)" generated="20230420 10:13:46.823" rpa="false" schemaversion="3">
<suite id="s1" name="Basket" source="c:\Users\ARTINUSER\Documents\Coding_Challenge\saucedemo_selenium\tests\basket.robot">
<test id="s1-t1" name="Basket delete" line="10">
<kw name="Open Browser" library="SeleniumLibrary" type="SETUP">
<arg>about:blank</arg>
<arg>chrome</arg>
<doc>Opens a new browser instance to the optional ``url``.</doc>
<msg timestamp="20230420 10:13:47.034" level="INFO">Opening browser 'chrome' to base url 'about:blank'.</msg>
<status status="PASS" starttime="20230420 10:13:47.032" endtime="20230420 10:13:48.255"/>
</kw>
<kw name="Go To" library="SeleniumLibrary">
<arg>https://www.saucedemo.com/</arg>
<doc>Navigates the current browser window to the provided ``url``.</doc>
<msg timestamp="20230420 10:13:48.256" level="INFO">Opening url 'https://www.saucedemo.com/'</msg>
<status status="PASS" starttime="20230420 10:13:48.256" endtime="20230420 10:13:48.643"/>
</kw>
<kw name="Get users credentials" library="keywords">
<kw name="Get Text" library="SeleniumLibrary">
<var>${all_users}</var>
<arg>${xpath_users}</arg>
<doc>Returns the text value of the element identified by ``locator``.</doc>
<msg timestamp="20230420 10:13:48.679" level="INFO">${all_users} = Accepted usernames are:
standard_user
locked_out_user
problem_user
performance_glitch_user</msg>
<status status="PASS" starttime="20230420 10:13:48.646" endtime="20230420 10:13:48.680"/>
</kw>
<kw name="Get Text" library="SeleniumLibrary">
<var>${password_txt}</var>
<arg>${xpath_password}</arg>
<doc>Returns the text value of the element identified by ``locator``.</doc>
<msg timestamp="20230420 10:13:48.715" level="INFO">${password_txt} = Password for all users:
secret_sauce</msg>
<status status="PASS" starttime="20230420 10:13:48.680" endtime="20230420 10:13:48.716"/>
</kw>
<kw name="Get Line" library="String">
<var>${STANDARD_USER_LOGIN}</var>
<arg>${all_users}</arg>
<arg>1</arg>
<doc>Returns the specified line from the given ``string``.</doc>
<msg timestamp="20230420 10:13:48.717" level="INFO">${STANDARD_USER_LOGIN} = standard_user</msg>
<status status="PASS" starttime="20230420 10:13:48.716" endtime="20230420 10:13:48.717"/>
</kw>
<kw name="Get Line" library="String">
<var>${LOCKED_OUT_USER_LOGIN}</var>
<arg>${all_users}</arg>
<arg>2</arg>
<doc>Returns the specified line from the given ``string``.</doc>
<msg timestamp="20230420 10:13:48.718" level="INFO">${LOCKED_OUT_USER_LOGIN} = locked_out_user</msg>
<status status="PASS" starttime="20230420 10:13:48.717" endtime="20230420 10:13:48.718"/>
</kw>
<kw name="Get Line" library="String">
<var>${PROBLEM_USER_LOGIN}</var>
<arg>${all_users}</arg>
<arg>3</arg>
<doc>Returns the specified line from the given ``string``.</doc>
<msg timestamp="20230420 10:13:48.718" level="INFO">${PROBLEM_USER_LOGIN} = problem_user</msg>
<status status="PASS" starttime="20230420 10:13:48.718" endtime="20230420 10:13:48.718"/>
</kw>
<kw name="Get Line" library="String">
<var>${PERFORMANCE_GLITCH_USER_LOGIN}</var>
<arg>${all_users}</arg>
<arg>4</arg>
<doc>Returns the specified line from the given ``string``.</doc>
<msg timestamp="20230420 10:13:48.719" level="INFO">${PERFORMANCE_GLITCH_USER_LOGIN} = performance_glitch_user</msg>
<status status="PASS" starttime="20230420 10:13:48.718" endtime="20230420 10:13:48.719"/>
</kw>
<kw name="Get Line" library="String">
<var>${PASSWORD}</var>
<arg>${password_txt}</arg>
<arg>1</arg>
<doc>Returns the specified line from the given ``string``.</doc>
<msg timestamp="20230420 10:13:48.719" level="INFO">${PASSWORD} = secret_sauce</msg>
<status status="PASS" starttime="20230420 10:13:48.719" endtime="20230420 10:13:48.720"/>
</kw>
<kw name="Set Test Variable" library="BuiltIn">
<arg>${STANDARD_USER_LOGIN}</arg>
<doc>Makes a variable available everywhere within the scope of the current test.</doc>
<msg timestamp="20230420 10:13:48.721" level="INFO">${STANDARD_USER_LOGIN} = standard_user</msg>
<status status="PASS" starttime="20230420 10:13:48.720" endtime="20230420 10:13:48.721"/>
</kw>
<kw name="Set Test Variable" library="BuiltIn">
<arg>${LOCKED_OUT_USER_LOGIN}</arg>
<doc>Makes a variable available everywhere within the scope of the current test.</doc>
<msg timestamp="20230420 10:13:48.722" level="INFO">${LOCKED_OUT_USER_LOGIN} = locked_out_user</msg>
<status status="PASS" starttime="20230420 10:13:48.722" endtime="20230420 10:13:48.722"/>
</kw>
<kw name="Set Test Variable" library="BuiltIn">
<arg>${PROBLEM_USER_LOGIN}</arg>
<doc>Makes a variable available everywhere within the scope of the current test.</doc>
<msg timestamp="20230420 10:13:48.722" level="INFO">${PROBLEM_USER_LOGIN} = problem_user</msg>
<status status="PASS" starttime="20230420 10:13:48.722" endtime="20230420 10:13:48.722"/>
</kw>
<kw name="Set Test Variable" library="BuiltIn">
<arg>${PERFORMANCE_GLITCH_USER_LOGIN}</arg>
<doc>Makes a variable available everywhere within the scope of the current test.</doc>
<msg timestamp="20230420 10:13:48.722" level="INFO">${PERFORMANCE_GLITCH_USER_LOGIN} = performance_glitch_user</msg>
<status status="PASS" starttime="20230420 10:13:48.722" endtime="20230420 10:13:48.723"/>
</kw>
<kw name="Set Test Variable" library="BuiltIn">
<arg>${PASSWORD}</arg>
<doc>Makes a variable available everywhere within the scope of the current test.</doc>
<msg timestamp="20230420 10:13:48.723" level="INFO">${PASSWORD} = secret_sauce</msg>
<status status="PASS" starttime="20230420 10:13:48.723" endtime="20230420 10:13:48.723"/>
</kw>
<status status="PASS" starttime="20230420 10:13:48.645" endtime="20230420 10:13:48.723"/>
</kw>
<kw name="Log into" library="keywords">
<arg>${STANDARD_USER_LOGIN}</arg>
<arg>${PASSWORD}</arg>
<kw name="Input Text" library="SeleniumLibrary">
<arg>${input_username}</arg>
<arg>${login_username}</arg>
<doc>Types the given ``text`` into the text field identified by ``locator``.</doc>
<msg timestamp="20230420 10:13:48.726" level="INFO">Typing text 'standard_user' into text field '//input[contains(@placeholder, 'Username')]'.</msg>
<status status="PASS" starttime="20230420 10:13:48.725" endtime="20230420 10:13:48.884"/>
</kw>
<kw name="Input Text" library="SeleniumLibrary">
<arg>${input_password}</arg>
<arg>${login_password}</arg>
<doc>Types the given ``text`` into the text field identified by ``locator``.</doc>
<msg timestamp="20230420 10:13:48.886" level="INFO">Typing text 'secret_sauce' into text field '//input[contains(@placeholder, 'Password')]'.</msg>
<status status="PASS" starttime="20230420 10:13:48.885" endtime="20230420 10:13:48.968"/>
</kw>
<kw name="Click Element" library="SeleniumLibrary">
<arg>${button_login}</arg>
<doc>Click the element identified by ``locator``.</doc>
<msg timestamp="20230420 10:13:48.968" level="INFO">Clicking element '//input[contains(@data-test, 'login-button')]'.</msg>
<status status="PASS" starttime="20230420 10:13:48.968" endtime="20230420 10:13:49.048"/>
</kw>
<status status="PASS" starttime="20230420 10:13:48.724" endtime="20230420 10:13:49.048"/>
</kw>
<kw name="Sorting high to low" library="keywords">
<kw name="Click Element" library="SeleniumLibrary">
<arg>//select[contains(@class,'product_sort_container')]</arg>
<doc>Click the element identified by ``locator``.</doc>
<msg timestamp="20230420 10:13:49.050" level="INFO">Clicking element '//select[contains(@class,'product_sort_container')]'.</msg>
<status status="PASS" starttime="20230420 10:13:49.049" endtime="20230420 10:13:49.113"/>
</kw>
<kw name="Click Element" library="SeleniumLibrary">
<arg>//option[contains(@value,'hilo')]</arg>
<doc>Click the element identified by ``locator``.</doc>
<msg timestamp="20230420 10:13:49.115" level="INFO">Clicking element '//option[contains(@value,'hilo')]'.</msg>
<status status="PASS" starttime="20230420 10:13:49.113" endtime="20230420 10:13:49.171"/>
</kw>
<status status="PASS" starttime="20230420 10:13:49.049" endtime="20230420 10:13:49.171"/>
</kw>
<kw name="Price sorting control" library="keywords">
<kw name="Get Element Count" library="SeleniumLibrary">
<var>${ListCount}</var>
<arg>//div[contains(@class,'inventory_item_price')]</arg>
<doc>Returns the number of elements matching ``locator``.</doc>
<msg timestamp="20230420 10:13:49.184" level="INFO">${ListCount} = 6</msg>
<status status="PASS" starttime="20230420 10:13:49.172" endtime="20230420 10:13:49.184"/>
</kw>
<kw name="Get WebElements" library="SeleniumLibrary">
<var>${prices}</var>
<arg>//div[contains(@class,'inventory_item_price')]</arg>
<doc>Returns a list of WebElement objects matching the ``locator``.</doc>
<msg timestamp="20230420 10:13:49.191" level="INFO">${prices} = [&lt;selenium.webdriver.remote.webelement.WebElement (session="3e2ef4e2ed3ba6224ea696ab176a4890", element="da975d0c-194d-4b86-9faa-7b119cb9d31a")&gt;, &lt;selenium.webdriver.remote.webelement.WebElement (sessi...</msg>
<status status="PASS" starttime="20230420 10:13:49.185" endtime="20230420 10:13:49.192"/>
</kw>
<for flavor="IN">
<var>${price}</var>
<value>@{prices}</value>
<iter>
<var name="${price}">&lt;selenium.webdriver.remote.webelement.WebElement (session="3e2ef4e2ed3ba6224ea696ab176a4890", element="da975d0c-194d-4b86-9faa-7b119cb9d31a")&gt;</var>
<kw name="Get Text" library="SeleniumLibrary">
<var>${price_txt}</var>
<arg>${price}</arg>
<doc>Returns the text value of the element identified by ``locator``.</doc>
<msg timestamp="20230420 10:13:49.204" level="INFO">${price_txt} = $49.99</msg>
<status status="PASS" starttime="20230420 10:13:49.194" endtime="20230420 10:13:49.204"/>
</kw>
<kw name="Get Substring" library="String">
<var>${price_txt2}</var>
<arg>${price_txt}</arg>
<arg>1</arg>
<doc>Returns a substring from ``start`` index to ``end`` index.</doc>
<msg timestamp="20230420 10:13:49.205" level="INFO">${price_txt2} = 49.99</msg>
<status status="PASS" starttime="20230420 10:13:49.205" endtime="20230420 10:13:49.205"/>
</kw>
<kw name="Convert To Number" library="BuiltIn">
<var>${price_num}</var>
<arg>${price_txt2}</arg>
<doc>Converts the given item to a floating point number.</doc>
<msg timestamp="20230420 10:13:49.205" level="INFO">${price_num} = 49.99</msg>
<status status="PASS" starttime="20230420 10:13:49.205" endtime="20230420 10:13:49.205"/>
</kw>
<kw name="Append To List" library="Collections">
<arg>${priceList}</arg>
<arg>${price_num}</arg>
<doc>Adds ``values`` to the end of ``list``.</doc>
<status status="PASS" starttime="20230420 10:13:49.205" endtime="20230420 10:13:49.205"/>
</kw>
<kw name="Log To Console" library="BuiltIn">
<arg>${price}</arg>
<doc>Logs the given message to the console.</doc>
<status status="PASS" starttime="20230420 10:13:49.205" endtime="20230420 10:13:49.207"/>
</kw>
<status status="PASS" starttime="20230420 10:13:49.192" endtime="20230420 10:13:49.207"/>
</iter>
<iter>
<var name="${price}">&lt;selenium.webdriver.remote.webelement.WebElement (session="3e2ef4e2ed3ba6224ea696ab176a4890", element="3f9b8839-d618-4f6a-8fc7-5c720f89e3b6")&gt;</var>
<kw name="Get Text" library="SeleniumLibrary">
<var>${price_txt}</var>
<arg>${price}</arg>
<doc>Returns the text value of the element identified by ``locator``.</doc>
<msg timestamp="20230420 10:13:49.222" level="INFO">${price_txt} = $29.99</msg>
<status status="PASS" starttime="20230420 10:13:49.207" endtime="20230420 10:13:49.222"/>
</kw>
<kw name="Get Substring" library="String">
<var>${price_txt2}</var>
<arg>${price_txt}</arg>
<arg>1</arg>
<doc>Returns a substring from ``start`` index to ``end`` index.</doc>
<msg timestamp="20230420 10:13:49.224" level="INFO">${price_txt2} = 29.99</msg>
<status status="PASS" starttime="20230420 10:13:49.223" endtime="20230420 10:13:49.224"/>
</kw>
<kw name="Convert To Number" library="BuiltIn">
<var>${price_num}</var>
<arg>${price_txt2}</arg>
<doc>Converts the given item to a floating point number.</doc>
<msg timestamp="20230420 10:13:49.225" level="INFO">${price_num} = 29.99</msg>
<status status="PASS" starttime="20230420 10:13:49.224" endtime="20230420 10:13:49.225"/>
</kw>
<kw name="Append To List" library="Collections">
<arg>${priceList}</arg>
<arg>${price_num}</arg>
<doc>Adds ``values`` to the end of ``list``.</doc>
<status status="PASS" starttime="20230420 10:13:49.225" endtime="20230420 10:13:49.225"/>
</kw>
<kw name="Log To Console" library="BuiltIn">
<arg>${price}</arg>
<doc>Logs the given message to the console.</doc>
<status status="PASS" starttime="20230420 10:13:49.226" endtime="20230420 10:13:49.227"/>
</kw>
<status status="PASS" starttime="20230420 10:13:49.207" endtime="20230420 10:13:49.227"/>
</iter>
<iter>
<var name="${price}">&lt;selenium.webdriver.remote.webelement.WebElement (session="3e2ef4e2ed3ba6224ea696ab176a4890", element="c20cdca1-e947-4832-b686-1804fb1d87ad")&gt;</var>
<kw name="Get Text" library="SeleniumLibrary">
<var>${price_txt}</var>
<arg>${price}</arg>
<doc>Returns the text value of the element identified by ``locator``.</doc>
<msg timestamp="20230420 10:13:49.240" level="INFO">${price_txt} = $15.99</msg>
<status status="PASS" starttime="20230420 10:13:49.229" endtime="20230420 10:13:49.241"/>
</kw>
<kw name="Get Substring" library="String">
<var>${price_txt2}</var>
<arg>${price_txt}</arg>
<arg>1</arg>
<doc>Returns a substring from ``start`` index to ``end`` index.</doc>
<msg timestamp="20230420 10:13:49.241" level="INFO">${price_txt2} = 15.99</msg>
<status status="PASS" starttime="20230420 10:13:49.241" endtime="20230420 10:13:49.241"/>
</kw>
<kw name="Convert To Number" library="BuiltIn">
<var>${price_num}</var>
<arg>${price_txt2}</arg>
<doc>Converts the given item to a floating point number.</doc>
<msg timestamp="20230420 10:13:49.243" level="INFO">${price_num} = 15.99</msg>
<status status="PASS" starttime="20230420 10:13:49.242" endtime="20230420 10:13:49.244"/>
</kw>
<kw name="Append To List" library="Collections">
<arg>${priceList}</arg>
<arg>${price_num}</arg>
<doc>Adds ``values`` to the end of ``list``.</doc>
<status status="PASS" starttime="20230420 10:13:49.244" endtime="20230420 10:13:49.245"/>
</kw>
<kw name="Log To Console" library="BuiltIn">
<arg>${price}</arg>
<doc>Logs the given message to the console.</doc>
<status status="PASS" starttime="20230420 10:13:49.245" endtime="20230420 10:13:49.246"/>
</kw>
<status status="PASS" starttime="20230420 10:13:49.229" endtime="20230420 10:13:49.246"/>
</iter>
<iter>
<var name="${price}">&lt;selenium.webdriver.remote.webelement.WebElement (session="3e2ef4e2ed3ba6224ea696ab176a4890", element="0fc646e8-a348-482c-8ece-8aa7ea8b1562")&gt;</var>
<kw name="Get Text" library="SeleniumLibrary">
<var>${price_txt}</var>
<arg>${price}</arg>
<doc>Returns the text value of the element identified by ``locator``.</doc>
<msg timestamp="20230420 10:13:49.265" level="INFO">${price_txt} = $15.99</msg>
<status status="PASS" starttime="20230420 10:13:49.247" endtime="20230420 10:13:49.265"/>
</kw>
<kw name="Get Substring" library="String">
<var>${price_txt2}</var>
<arg>${price_txt}</arg>
<arg>1</arg>
<doc>Returns a substring from ``start`` index to ``end`` index.</doc>
<msg timestamp="20230420 10:13:49.266" level="INFO">${price_txt2} = 15.99</msg>
<status status="PASS" starttime="20230420 10:13:49.265" endtime="20230420 10:13:49.266"/>
</kw>
<kw name="Convert To Number" library="BuiltIn">
<var>${price_num}</var>
<arg>${price_txt2}</arg>
<doc>Converts the given item to a floating point number.</doc>
<msg timestamp="20230420 10:13:49.266" level="INFO">${price_num} = 15.99</msg>
<status status="PASS" starttime="20230420 10:13:49.266" endtime="20230420 10:13:49.266"/>
</kw>
<kw name="Append To List" library="Collections">
<arg>${priceList}</arg>
<arg>${price_num}</arg>
<doc>Adds ``values`` to the end of ``list``.</doc>
<status status="PASS" starttime="20230420 10:13:49.266" endtime="20230420 10:13:49.266"/>
</kw>
<kw name="Log To Console" library="BuiltIn">
<arg>${price}</arg>
<doc>Logs the given message to the console.</doc>
<status status="PASS" starttime="20230420 10:13:49.267" endtime="20230420 10:13:49.268"/>
</kw>
<status status="PASS" starttime="20230420 10:13:49.246" endtime="20230420 10:13:49.268"/>
</iter>
<iter>
<var name="${price}">&lt;selenium.webdriver.remote.webelement.WebElement (session="3e2ef4e2ed3ba6224ea696ab176a4890", element="26423a59-9b3e-4ae6-b941-f7e1ce56b033")&gt;</var>
<kw name="Get Text" library="SeleniumLibrary">
<var>${price_txt}</var>
<arg>${price}</arg>
<doc>Returns the text value of the element identified by ``locator``.</doc>
<msg timestamp="20230420 10:13:49.311" level="INFO">${price_txt} = $9.99</msg>
<status status="PASS" starttime="20230420 10:13:49.268" endtime="20230420 10:13:49.313"/>
</kw>
<kw name="Get Substring" library="String">
<var>${price_txt2}</var>
<arg>${price_txt}</arg>
<arg>1</arg>
<doc>Returns a substring from ``start`` index to ``end`` index.</doc>
<msg timestamp="20230420 10:13:49.314" level="INFO">${price_txt2} = 9.99</msg>
<status status="PASS" starttime="20230420 10:13:49.314" endtime="20230420 10:13:49.314"/>
</kw>
<kw name="Convert To Number" library="BuiltIn">
<var>${price_num}</var>
<arg>${price_txt2}</arg>
<doc>Converts the given item to a floating point number.</doc>
<msg timestamp="20230420 10:13:49.316" level="INFO">${price_num} = 9.99</msg>
<status status="PASS" starttime="20230420 10:13:49.316" endtime="20230420 10:13:49.316"/>
</kw>
<kw name="Append To List" library="Collections">
<arg>${priceList}</arg>
<arg>${price_num}</arg>
<doc>Adds ``values`` to the end of ``list``.</doc>
<status status="PASS" starttime="20230420 10:13:49.316" endtime="20230420 10:13:49.316"/>
</kw>
<kw name="Log To Console" library="BuiltIn">
<arg>${price}</arg>
<doc>Logs the given message to the console.</doc>
<status status="PASS" starttime="20230420 10:13:49.316" endtime="20230420 10:13:49.317"/>
</kw>
<status status="PASS" starttime="20230420 10:13:49.268" endtime="20230420 10:13:49.317"/>
</iter>
<iter>
<var name="${price}">&lt;selenium.webdriver.remote.webelement.WebElement (session="3e2ef4e2ed3ba6224ea696ab176a4890", element="ef1cb521-fc68-4955-985b-5de8bb6b2174")&gt;</var>
<kw name="Get Text" library="SeleniumLibrary">
<var>${price_txt}</var>
<arg>${price}</arg>
<doc>Returns the text value of the element identified by ``locator``.</doc>
<msg timestamp="20230420 10:13:49.334" level="INFO">${price_txt} = $7.99</msg>
<status status="PASS" starttime="20230420 10:13:49.318" endtime="20230420 10:13:49.334"/>
</kw>
<kw name="Get Substring" library="String">
<var>${price_txt2}</var>
<arg>${price_txt}</arg>
<arg>1</arg>
<doc>Returns a substring from ``start`` index to ``end`` index.</doc>
<msg timestamp="20230420 10:13:49.334" level="INFO">${price_txt2} = 7.99</msg>
<status status="PASS" starttime="20230420 10:13:49.334" endtime="20230420 10:13:49.334"/>
</kw>
<kw name="Convert To Number" library="BuiltIn">
<var>${price_num}</var>
<arg>${price_txt2}</arg>
<doc>Converts the given item to a floating point number.</doc>
<msg timestamp="20230420 10:13:49.335" level="INFO">${price_num} = 7.99</msg>
<status status="PASS" starttime="20230420 10:13:49.335" endtime="20230420 10:13:49.335"/>
</kw>
<kw name="Append To List" library="Collections">
<arg>${priceList}</arg>
<arg>${price_num}</arg>
<doc>Adds ``values`` to the end of ``list``.</doc>
<status status="PASS" starttime="20230420 10:13:49.335" endtime="20230420 10:13:49.335"/>
</kw>
<kw name="Log To Console" library="BuiltIn">
<arg>${price}</arg>
<doc>Logs the given message to the console.</doc>
<status status="PASS" starttime="20230420 10:13:49.336" endtime="20230420 10:13:49.336"/>
</kw>
<status status="PASS" starttime="20230420 10:13:49.318" endtime="20230420 10:13:49.336"/>
</iter>
<status status="PASS" starttime="20230420 10:13:49.192" endtime="20230420 10:13:49.336"/>
</for>
<kw name="Evaluate" library="BuiltIn">
<var>${ListCount-1}</var>
<arg>${ListCount}-1</arg>
<doc>Evaluates the given expression in Python and returns the result.</doc>
<msg timestamp="20230420 10:13:49.337" level="INFO">${ListCount-1} = 5</msg>
<status status="PASS" starttime="20230420 10:13:49.336" endtime="20230420 10:13:49.337"/>
</kw>
<for flavor="IN RANGE">
<var>${counter}</var>
<value>0</value>
<value>${ListCount}</value>
<value>1</value>
<iter>
<var name="${counter}">0</var>
<kw name="Evaluate" library="BuiltIn">
<var>${counter+1}</var>
<arg>${counter}+1</arg>
<doc>Evaluates the given expression in Python and returns the result.</doc>
<msg timestamp="20230420 10:13:49.338" level="INFO">${counter+1} = 1</msg>
<status status="PASS" starttime="20230420 10:13:49.337" endtime="20230420 10:13:49.338"/>
</kw>
<if>
<branch type="IF" condition="$counter == ${ListCount-1}">
<break>
<status status="NOT RUN" starttime="20230420 10:13:49.340" endtime="20230420 10:13:49.340"/>
</break>
<status status="NOT RUN" starttime="20230420 10:13:49.338" endtime="20230420 10:13:49.341"/>
</branch>
<status status="PASS" starttime="20230420 10:13:49.338" endtime="20230420 10:13:49.341"/>
</if>
<kw name="Get From List" library="Collections">
<var>${ListItem1}</var>
<arg>${priceList}</arg>
<arg>${counter}</arg>
<doc>Returns the value specified with an ``index`` from ``list``.</doc>
<msg timestamp="20230420 10:13:49.343" level="INFO">${ListItem1} = 49.99</msg>
<status status="PASS" starttime="20230420 10:13:49.341" endtime="20230420 10:13:49.343"/>
</kw>
<kw name="Get From List" library="Collections">
<var>${ListItem2}</var>
<arg>${priceList}</arg>
<arg>${counter+1}</arg>
<doc>Returns the value specified with an ``index`` from ``list``.</doc>
<msg timestamp="20230420 10:13:49.346" level="INFO">${ListItem2} = 29.99</msg>
<status status="PASS" starttime="20230420 10:13:49.344" endtime="20230420 10:13:49.346"/>
</kw>
<kw name="Should Be True" library="BuiltIn">
<arg>${ListItem1}&gt;=${ListItem2}</arg>
<doc>Fails if the given condition is not true.</doc>
<status status="PASS" starttime="20230420 10:13:49.346" endtime="20230420 10:13:49.347"/>
</kw>
<kw name="Log To Console" library="BuiltIn">
<arg>${ListItem1}' and '${ListItem2}</arg>
<doc>Logs the given message to the console.</doc>
<status status="PASS" starttime="20230420 10:13:49.347" endtime="20230420 10:13:49.347"/>
</kw>
<status status="PASS" starttime="20230420 10:13:49.337" endtime="20230420 10:13:49.348"/>
</iter>
<iter>
<var name="${counter}">1</var>
<kw name="Evaluate" library="BuiltIn">
<var>${counter+1}</var>
<arg>${counter}+1</arg>
<doc>Evaluates the given expression in Python and returns the result.</doc>
<msg timestamp="20230420 10:13:49.349" level="INFO">${counter+1} = 2</msg>
<status status="PASS" starttime="20230420 10:13:49.348" endtime="20230420 10:13:49.349"/>
</kw>
<if>
<branch type="IF" condition="$counter == ${ListCount-1}">
<break>
<status status="NOT RUN" starttime="20230420 10:13:49.349" endtime="20230420 10:13:49.350"/>
</break>
<status status="NOT RUN" starttime="20230420 10:13:49.349" endtime="20230420 10:13:49.350"/>
</branch>
<status status="PASS" starttime="20230420 10:13:49.349" endtime="20230420 10:13:49.350"/>
</if>
<kw name="Get From List" library="Collections">
<var>${ListItem1}</var>
<arg>${priceList}</arg>
<arg>${counter}</arg>
<doc>Returns the value specified with an ``index`` from ``list``.</doc>
<msg timestamp="20230420 10:13:49.351" level="INFO">${ListItem1} = 29.99</msg>
<status status="PASS" starttime="20230420 10:13:49.350" endtime="20230420 10:13:49.351"/>
</kw>
<kw name="Get From List" library="Collections">
<var>${ListItem2}</var>
<arg>${priceList}</arg>
<arg>${counter+1}</arg>
<doc>Returns the value specified with an ``index`` from ``list``.</doc>
<msg timestamp="20230420 10:13:49.351" level="INFO">${ListItem2} = 15.99</msg>
<status status="PASS" starttime="20230420 10:13:49.351" endtime="20230420 10:13:49.351"/>
</kw>
<kw name="Should Be True" library="BuiltIn">
<arg>${ListItem1}&gt;=${ListItem2}</arg>
<doc>Fails if the given condition is not true.</doc>
<status status="PASS" starttime="20230420 10:13:49.351" endtime="20230420 10:13:49.352"/>
</kw>
<kw name="Log To Console" library="BuiltIn">
<arg>${ListItem1}' and '${ListItem2}</arg>
<doc>Logs the given message to the console.</doc>
<status status="PASS" starttime="20230420 10:13:49.352" endtime="20230420 10:13:49.353"/>
</kw>
<status status="PASS" starttime="20230420 10:13:49.348" endtime="20230420 10:13:49.353"/>
</iter>
<iter>
<var name="${counter}">2</var>
<kw name="Evaluate" library="BuiltIn">
<var>${counter+1}</var>
<arg>${counter}+1</arg>
<doc>Evaluates the given expression in Python and returns the result.</doc>
<msg timestamp="20230420 10:13:49.354" level="INFO">${counter+1} = 3</msg>
<status status="PASS" starttime="20230420 10:13:49.354" endtime="20230420 10:13:49.355"/>
</kw>
<if>
<branch type="IF" condition="$counter == ${ListCount-1}">
<break>
<status status="NOT RUN" starttime="20230420 10:13:49.355" endtime="20230420 10:13:49.355"/>
</break>
<status status="NOT RUN" starttime="20230420 10:13:49.355" endtime="20230420 10:13:49.355"/>
</branch>
<status status="PASS" starttime="20230420 10:13:49.355" endtime="20230420 10:13:49.355"/>
</if>
<kw name="Get From List" library="Collections">
<var>${ListItem1}</var>
<arg>${priceList}</arg>
<arg>${counter}</arg>
<doc>Returns the value specified with an ``index`` from ``list``.</doc>
<msg timestamp="20230420 10:13:49.357" level="INFO">${ListItem1} = 15.99</msg>
<status status="PASS" starttime="20230420 10:13:49.357" endtime="20230420 10:13:49.357"/>
</kw>
<kw name="Get From List" library="Collections">
<var>${ListItem2}</var>
<arg>${priceList}</arg>
<arg>${counter+1}</arg>
<doc>Returns the value specified with an ``index`` from ``list``.</doc>
<msg timestamp="20230420 10:13:49.358" level="INFO">${ListItem2} = 15.99</msg>
<status status="PASS" starttime="20230420 10:13:49.357" endtime="20230420 10:13:49.358"/>
</kw>
<kw name="Should Be True" library="BuiltIn">
<arg>${ListItem1}&gt;=${ListItem2}</arg>
<doc>Fails if the given condition is not true.</doc>
<status status="PASS" starttime="20230420 10:13:49.358" endtime="20230420 10:13:49.359"/>
</kw>
<kw name="Log To Console" library="BuiltIn">
<arg>${ListItem1}' and '${ListItem2}</arg>
<doc>Logs the given message to the console.</doc>
<status status="PASS" starttime="20230420 10:13:49.359" endtime="20230420 10:13:49.362"/>
</kw>
<status status="PASS" starttime="20230420 10:13:49.353" endtime="20230420 10:13:49.364"/>
</iter>
<iter>
<var name="${counter}">3</var>
<kw name="Evaluate" library="BuiltIn">
<var>${counter+1}</var>
<arg>${counter}+1</arg>
<doc>Evaluates the given expression in Python and returns the result.</doc>
<msg timestamp="20230420 10:13:49.365" level="INFO">${counter+1} = 4</msg>
<status status="PASS" starttime="20230420 10:13:49.365" endtime="20230420 10:13:49.366"/>
</kw>
<if>
<branch type="IF" condition="$counter == ${ListCount-1}">
<break>
<status status="NOT RUN" starttime="20230420 10:13:49.366" endtime="20230420 10:13:49.366"/>
</break>
<status status="NOT RUN" starttime="20230420 10:13:49.366" endtime="20230420 10:13:49.367"/>
</branch>
<status status="PASS" starttime="20230420 10:13:49.366" endtime="20230420 10:13:49.367"/>
</if>
<kw name="Get From List" library="Collections">
<var>${ListItem1}</var>
<arg>${priceList}</arg>
<arg>${counter}</arg>
<doc>Returns the value specified with an ``index`` from ``list``.</doc>
<msg timestamp="20230420 10:13:49.367" level="INFO">${ListItem1} = 15.99</msg>
<status status="PASS" starttime="20230420 10:13:49.367" endtime="20230420 10:13:49.368"/>
</kw>
<kw name="Get From List" library="Collections">
<var>${ListItem2}</var>
<arg>${priceList}</arg>
<arg>${counter+1}</arg>
<doc>Returns the value specified with an ``index`` from ``list``.</doc>
<msg timestamp="20230420 10:13:49.368" level="INFO">${ListItem2} = 9.99</msg>
<status status="PASS" starttime="20230420 10:13:49.368" endtime="20230420 10:13:49.368"/>
</kw>
<kw name="Should Be True" library="BuiltIn">
<arg>${ListItem1}&gt;=${ListItem2}</arg>
<doc>Fails if the given condition is not true.</doc>
<status status="PASS" starttime="20230420 10:13:49.369" endtime="20230420 10:13:49.369"/>
</kw>
<kw name="Log To Console" library="BuiltIn">
<arg>${ListItem1}' and '${ListItem2}</arg>
<doc>Logs the given message to the console.</doc>
<status status="PASS" starttime="20230420 10:13:49.369" endtime="20230420 10:13:49.370"/>
</kw>
<status status="PASS" starttime="20230420 10:13:49.364" endtime="20230420 10:13:49.370"/>
</iter>
<iter>
<var name="${counter}">4</var>
<kw name="Evaluate" library="BuiltIn">
<var>${counter+1}</var>
<arg>${counter}+1</arg>
<doc>Evaluates the given expression in Python and returns the result.</doc>
<msg timestamp="20230420 10:13:49.371" level="INFO">${counter+1} = 5</msg>
<status status="PASS" starttime="20230420 10:13:49.371" endtime="20230420 10:13:49.372"/>
</kw>
<if>
<branch type="IF" condition="$counter == ${ListCount-1}">
<break>
<status status="NOT RUN" starttime="20230420 10:13:49.372" endtime="20230420 10:13:49.372"/>
</break>
<status status="NOT RUN" starttime="20230420 10:13:49.372" endtime="20230420 10:13:49.372"/>
</branch>
<status status="PASS" starttime="20230420 10:13:49.372" endtime="20230420 10:13:49.373"/>
</if>
<kw name="Get From List" library="Collections">
<var>${ListItem1}</var>
<arg>${priceList}</arg>
<arg>${counter}</arg>
<doc>Returns the value specified with an ``index`` from ``list``.</doc>
<msg timestamp="20230420 10:13:49.373" level="INFO">${ListItem1} = 9.99</msg>
<status status="PASS" starttime="20230420 10:13:49.373" endtime="20230420 10:13:49.374"/>
</kw>
<kw name="Get From List" library="Collections">
<var>${ListItem2}</var>
<arg>${priceList}</arg>
<arg>${counter+1}</arg>
<doc>Returns the value specified with an ``index`` from ``list``.</doc>
<msg timestamp="20230420 10:13:49.374" level="INFO">${ListItem2} = 7.99</msg>
<status status="PASS" starttime="20230420 10:13:49.374" endtime="20230420 10:13:49.374"/>
</kw>
<kw name="Should Be True" library="BuiltIn">
<arg>${ListItem1}&gt;=${ListItem2}</arg>
<doc>Fails if the given condition is not true.</doc>
<status status="PASS" starttime="20230420 10:13:49.374" endtime="20230420 10:13:49.374"/>
</kw>
<kw name="Log To Console" library="BuiltIn">
<arg>${ListItem1}' and '${ListItem2}</arg>
<doc>Logs the given message to the console.</doc>
<status status="PASS" starttime="20230420 10:13:49.377" endtime="20230420 10:13:49.378"/>
</kw>
<status status="PASS" starttime="20230420 10:13:49.370" endtime="20230420 10:13:49.379"/>
</iter>
<iter>
<var name="${counter}">5</var>
<kw name="Evaluate" library="BuiltIn">
<var>${counter+1}</var>
<arg>${counter}+1</arg>
<doc>Evaluates the given expression in Python and returns the result.</doc>
<msg timestamp="20230420 10:13:49.382" level="INFO">${counter+1} = 6</msg>
<status status="PASS" starttime="20230420 10:13:49.381" endtime="20230420 10:13:49.382"/>
</kw>
<if>
<branch type="IF" condition="$counter == ${ListCount-1}">
<break>
<status status="PASS" starttime="20230420 10:13:49.383" endtime="20230420 10:13:49.383"/>
</break>
<status status="PASS" starttime="20230420 10:13:49.383" endtime="20230420 10:13:49.383"/>
</branch>
<status status="PASS" starttime="20230420 10:13:49.383" endtime="20230420 10:13:49.384"/>
</if>
<kw name="Get From List" library="Collections">
<var>${ListItem1}</var>
<arg>${priceList}</arg>
<arg>${counter}</arg>
<doc>Returns the value specified with an ``index`` from ``list``.</doc>
<status status="NOT RUN" starttime="20230420 10:13:49.384" endtime="20230420 10:13:49.384"/>
</kw>
<kw name="Get From List" library="Collections">
<var>${ListItem2}</var>
<arg>${priceList}</arg>
<arg>${counter+1}</arg>
<doc>Returns the value specified with an ``index`` from ``list``.</doc>
<status status="NOT RUN" starttime="20230420 10:13:49.384" endtime="20230420 10:13:49.384"/>
</kw>
<kw name="Should Be True" library="BuiltIn">
<arg>${ListItem1}&gt;=${ListItem2}</arg>
<doc>Fails if the given condition is not true.</doc>
<status status="NOT RUN" starttime="20230420 10:13:49.384" endtime="20230420 10:13:49.384"/>
</kw>
<kw name="Log To Console" library="BuiltIn">
<arg>${ListItem1}' and '${ListItem2}</arg>
<doc>Logs the given message to the console.</doc>
<status status="NOT RUN" starttime="20230420 10:13:49.385" endtime="20230420 10:13:49.385"/>
</kw>
<status status="PASS" starttime="20230420 10:13:49.381" endtime="20230420 10:13:49.385"/>
</iter>
<status status="PASS" starttime="20230420 10:13:49.337" endtime="20230420 10:13:49.385"/>
</for>
<status status="PASS" starttime="20230420 10:13:49.172" endtime="20230420 10:13:49.385"/>
</kw>
<kw name="Add items to basket" library="keywords">
<arg>3</arg>
<for flavor="IN RANGE">
<var>${counter}</var>
<value>${num_of_items}</value>
<iter>
<var name="${counter}">0</var>
<kw name="Click Element" library="SeleniumLibrary">
<arg>//button[contains(@data-test,'add-to-cart')]</arg>
<doc>Click the element identified by ``locator``.</doc>
<msg timestamp="20230420 10:13:49.387" level="INFO">Clicking element '//button[contains(@data-test,'add-to-cart')]'.</msg>
<status status="PASS" starttime="20230420 10:13:49.386" endtime="20230420 10:13:49.439"/>
</kw>
<status status="PASS" starttime="20230420 10:13:49.386" endtime="20230420 10:13:49.439"/>
</iter>
<iter>
<var name="${counter}">1</var>
<kw name="Click Element" library="SeleniumLibrary">
<arg>//button[contains(@data-test,'add-to-cart')]</arg>
<doc>Click the element identified by ``locator``.</doc>
<msg timestamp="20230420 10:13:49.441" level="INFO">Clicking element '//button[contains(@data-test,'add-to-cart')]'.</msg>
<status status="PASS" starttime="20230420 10:13:49.440" endtime="20230420 10:13:49.500"/>
</kw>
<status status="PASS" starttime="20230420 10:13:49.440" endtime="20230420 10:13:49.501"/>
</iter>
<iter>
<var name="${counter}">2</var>
<kw name="Click Element" library="SeleniumLibrary">
<arg>//button[contains(@data-test,'add-to-cart')]</arg>
<doc>Click the element identified by ``locator``.</doc>
<msg timestamp="20230420 10:13:49.502" level="INFO">Clicking element '//button[contains(@data-test,'add-to-cart')]'.</msg>
<status status="PASS" starttime="20230420 10:13:49.501" endtime="20230420 10:13:49.572"/>
</kw>
<status status="PASS" starttime="20230420 10:13:49.501" endtime="20230420 10:13:49.572"/>
</iter>
<status status="PASS" starttime="20230420 10:13:49.386" endtime="20230420 10:13:49.572"/>
</for>
<status status="PASS" starttime="20230420 10:13:49.386" endtime="20230420 10:13:49.573"/>
</kw>
<kw name="Open basket" library="keywords">
<kw name="Click Element" library="SeleniumLibrary">
<arg>//a[contains(@class,'shopping_cart_link')]</arg>
<doc>Click the element identified by ``locator``.</doc>
<msg timestamp="20230420 10:13:49.578" level="INFO">Clicking element '//a[contains(@class,'shopping_cart_link')]'.</msg>
<status status="PASS" starttime="20230420 10:13:49.575" endtime="20230420 10:13:49.636"/>
</kw>
<status status="PASS" starttime="20230420 10:13:49.573" endtime="20230420 10:13:49.637"/>
</kw>
<kw name="Delete from basket" library="keywords">
<arg>3</arg>
<for flavor="IN RANGE">
<var>${counter}</var>
<value>${num_delete}</value>
<iter>
<var name="${counter}">0</var>
<kw name="Click Element" library="SeleniumLibrary">
<arg>//button[contains(@name,'remove')]</arg>
<doc>Click the element identified by ``locator``.</doc>
<msg timestamp="20230420 10:13:49.639" level="INFO">Clicking element '//button[contains(@name,'remove')]'.</msg>
<status status="PASS" starttime="20230420 10:13:49.638" endtime="20230420 10:13:49.682"/>
</kw>
<status status="PASS" starttime="20230420 10:13:49.638" endtime="20230420 10:13:49.682"/>
</iter>
<iter>
<var name="${counter}">1</var>
<kw name="Click Element" library="SeleniumLibrary">
<arg>//button[contains(@name,'remove')]</arg>
<doc>Click the element identified by ``locator``.</doc>
<msg timestamp="20230420 10:13:49.683" level="INFO">Clicking element '//button[contains(@name,'remove')]'.</msg>
<status status="PASS" starttime="20230420 10:13:49.683" endtime="20230420 10:13:49.722"/>
</kw>
<status status="PASS" starttime="20230420 10:13:49.683" endtime="20230420 10:13:49.722"/>
</iter>
<iter>
<var name="${counter}">2</var>
<kw name="Click Element" library="SeleniumLibrary">
<arg>//button[contains(@name,'remove')]</arg>
<doc>Click the element identified by ``locator``.</doc>
<msg timestamp="20230420 10:13:49.723" level="INFO">Clicking element '//button[contains(@name,'remove')]'.</msg>
<status status="PASS" starttime="20230420 10:13:49.723" endtime="20230420 10:13:49.767"/>
</kw>
<status status="PASS" starttime="20230420 10:13:49.722" endtime="20230420 10:13:49.767"/>
</iter>
<status status="PASS" starttime="20230420 10:13:49.638" endtime="20230420 10:13:49.767"/>
</for>
<status status="PASS" starttime="20230420 10:13:49.637" endtime="20230420 10:13:49.767"/>
</kw>
<kw name="Page Should Not Contain Element" library="SeleniumLibrary">
<arg>//button[contains(@name,'remove')]</arg>
<doc>Verifies that element ``locator`` is not found on the current page.</doc>
<msg timestamp="20230420 10:13:49.773" level="INFO">Current page does not contain element '//button[contains(@name,'remove')]'.</msg>
<status status="PASS" starttime="20230420 10:13:49.767" endtime="20230420 10:13:49.773"/>
</kw>
<kw name="Close Browser" library="SeleniumLibrary" type="TEARDOWN">
<doc>Closes the current browser.</doc>
<status status="PASS" starttime="20230420 10:13:49.774" endtime="20230420 10:13:51.962"/>
</kw>
<doc>delete all the items and check they were deleted</doc>
<status status="PASS" starttime="20230420 10:13:47.031" endtime="20230420 10:13:51.966"/>
</test>
<status status="PASS" starttime="20230420 10:13:46.828" endtime="20230420 10:13:51.973"/>
</suite>
<statistics>
<total>
<stat pass="1" fail="0" skip="0">All Tests</stat>
</total>
<tag>
</tag>
<suite>
<stat pass="1" fail="0" skip="0" id="s1" name="Basket">Basket</stat>
</suite>
</statistics>
<errors>
</errors>
</robot>
